<?xml version="1.0" encoding="UTF-8"?>
<!-- Generated by org.testng.reporters.JUnitReportReporter -->
<testsuite hostname="Desktop" failures="0" tests="2" name="com.qa.hs.tests.LoginTest" time="59.037" errors="0" timestamp="01 Feb 2021 07:28:31 GMT" skipped="0">
  <testcase classname="com.qa.hs.tests.LoginTest" name="loginTest" time="58.855"/>
  <testcase classname="com.qa.hs.tests.LoginTest" name="signUpTest" time="0.182"/>
</testsuite> <!-- com.qa.hs.tests.LoginTest -->
