<?xml version="1.0" encoding="UTF-8"?>
<!-- Generated by org.testng.reporters.JUnitReportReporter -->
<testsuite hostname="Desktop" failures="0" tests="1" name="learningTestNG.web" time="0.004" errors="0" timestamp="11 Mar 2021 15:35:42 GMT" skipped="0">
  <testcase classname="learningTestNG.web" name="clickOnLink" time="0.004"/>
</testsuite> <!-- learningTestNG.web -->
