<?xml version="1.0" encoding="UTF-8"?>
<!-- Generated by org.testng.reporters.JUnitReportReporter -->
<testsuite hostname="Desktop" failures="0" tests="2" name="learningTestNG.testsuite2" time="0.012" errors="0" timestamp="12 Mar 2021 22:39:09 GMT" skipped="0">
  <testcase classname="learningTestNG.testsuite2" name="test3" time="0.003"/>
  <testcase classname="learningTestNG.testsuite2" name="test1" time="0.009"/>
</testsuite> <!-- learningTestNG.testsuite2 -->
