<?xml version="1.0" encoding="UTF-8"?>
<!-- Generated by org.testng.reporters.JUnitReportReporter -->
<testsuite hostname="Desktop" failures="0" tests="1" name="learningTestNG.web" time="0.001" errors="0" timestamp="12 Mar 2021 22:39:09 GMT" skipped="0">
  <testcase classname="learningTestNG.web" name="clickOnLink" time="0.001"/>
</testsuite> <!-- learningTestNG.web -->
