<?xml version="1.0" encoding="UTF-8"?>
<!-- Generated by org.testng.reporters.JUnitReportReporter -->
<testsuite hostname="DESKTOP-1H8FRIM" failures="0" tests="2" name="learningTestNG.testsuite2" time="0.022" errors="0" timestamp="25 Mar 2022 21:02:03 GMT" skipped="0">
  <testcase classname="learningTestNG.testsuite2" name="test3" time="0.005"/>
  <testcase classname="learningTestNG.testsuite2" name="test1" time="0.017"/>
</testsuite> <!-- learningTestNG.testsuite2 -->
