<?xml version="1.0" encoding="UTF-8"?>
<!-- Generated by org.testng.reporters.JUnitReportReporter -->
<testsuite hostname="Desktop" failures="0" tests="1" name="learningTestNG.DPTestSuite" time="0.004" errors="0" timestamp="11 Mar 2021 01:31:09 GMT" skipped="0">
  <testcase classname="learningTestNG.DPTestSuite" name="test1" time="0.004"/>
</testsuite> <!-- learningTestNG.DPTestSuite -->
