<?xml version="1.0" encoding="UTF-8"?>
<!-- Generated by org.testng.reporters.JUnitReportReporter -->
<testsuite hostname="DESKTOP-1H8FRIM" failures="0" tests="6" name="learningTestNG.testsuite4" time="0.033" errors="0" timestamp="25 Mar 2022 21:02:03 GMT" skipped="0">
  <testcase classname="learningTestNG.testsuite4" name="test3" time="0.013"/>
  <testcase classname="learningTestNG.testsuite4" name="test2" time="0.006"/>
  <testcase classname="learningTestNG.testsuite4" name="test4" time="0.002"/>
  <testcase classname="learningTestNG.testsuite4" name="test5" time="0.006"/>
  <testcase classname="learningTestNG.testsuite4" name="test1" time="0.002"/>
  <testcase classname="learningTestNG.testsuite4" name="test6" time="0.004"/>
</testsuite> <!-- learningTestNG.testsuite4 -->
