<?xml version="1.0" encoding="UTF-8"?>
<!-- Generated by org.testng.reporters.JUnitReportReporter -->
<testsuite hostname="Desktop" failures="0" tests="2" name="learningTestNG.DP" time="0.005" errors="0" timestamp="11 Mar 2021 01:31:09 GMT" skipped="0">
  <testcase classname="learningTestNG.DP" name="myTest" time="0.002"/>
  <testcase classname="learningTestNG.DP" name="myTest" time="0.003"/>
</testsuite> <!-- learningTestNG.DP -->
