<?xml version="1.0" encoding="UTF-8"?>
<!-- Generated by org.testng.reporters.JUnitReportReporter -->
<testsuite hostname="Desktop" failures="0" tests="1" name="learningTestNG.DPTestSuite" time="0.003" errors="0" timestamp="12 Mar 2021 00:08:38 GMT" skipped="0">
  <testcase classname="learningTestNG.DPTestSuite" name="test1" time="0.003"/>
</testsuite> <!-- learningTestNG.DPTestSuite -->
