<?xml version="1.0" encoding="UTF-8"?>
<!-- Generated by org.testng.reporters.JUnitReportReporter -->
<testsuite hostname="Desktop" failures="0" tests="4" name="learningTestNG.LearningTestNG" time="0.053" errors="0" timestamp="11 Mar 2021 15:35:42 GMT" skipped="0">
  <testcase classname="learningTestNG.LearningTestNG" name="test4" time="0.013"/>
  <testcase classname="learningTestNG.LearningTestNG" name="test6" time="0.024"/>
  <testcase classname="learningTestNG.LearningTestNG" name="test1" time="0.006"/>
  <testcase classname="learningTestNG.LearningTestNG" name="test3" time="0.010"/>
</testsuite> <!-- learningTestNG.LearningTestNG -->
