<?xml version="1.0" encoding="UTF-8"?>
<!-- Generated by org.testng.reporters.JUnitReportReporter -->
<testsuite hostname="DESKTOP-1H8FRIM" failures="0" tests="7" name="learningTestNG.testsuite3" time="0.072" errors="0" timestamp="25 Mar 2022 21:02:03 GMT" skipped="0">
  <testcase classname="learningTestNG.testsuite3" name="test5" time="0.006"/>
  <testcase classname="learningTestNG.testsuite3" name="test1" time="0.012"/>
  <testcase classname="learningTestNG.testsuite3" name="test2" time="0.010"/>
  <testcase classname="learningTestNG.testsuite3" name="test7" time="0.005"/>
  <testcase classname="learningTestNG.testsuite3" name="test3" time="0.007"/>
  <testcase classname="learningTestNG.testsuite3" name="test8" time="0.005"/>
  <testcase classname="learningTestNG.testsuite3" name="test6" time="0.027"/>
</testsuite> <!-- learningTestNG.testsuite3 -->
