<?xml version="1.0" encoding="UTF-8"?>
<!-- Generated by org.testng.reporters.JUnitReportReporter -->
<testsuite hostname="Desktop" failures="0" tests="7" name="learningTestNG.testsuite3" time="0.100" errors="0" timestamp="12 Mar 2021 22:39:09 GMT" skipped="0">
  <testcase classname="learningTestNG.testsuite3" name="test5" time="0.033"/>
  <testcase classname="learningTestNG.testsuite3" name="test1" time="0.012"/>
  <testcase classname="learningTestNG.testsuite3" name="test7" time="0.008"/>
  <testcase classname="learningTestNG.testsuite3" name="test6" time="0.010"/>
  <testcase classname="learningTestNG.testsuite3" name="test2" time="0.024"/>
  <testcase classname="learningTestNG.testsuite3" name="test3" time="0.007"/>
  <testcase classname="learningTestNG.testsuite3" name="test8" time="0.006"/>
</testsuite> <!-- learningTestNG.testsuite3 -->
