<?xml version="1.0" encoding="UTF-8"?>
<!-- Generated by org.testng.reporters.JUnitReportReporter -->
<testsuite hostname="Desktop" failures="0" tests="6" name="learningTestNG.testsuite4" time="0.029" errors="0" timestamp="12 Mar 2021 22:39:09 GMT" skipped="0">
  <testcase classname="learningTestNG.testsuite4" name="test1" time="0.002"/>
  <testcase classname="learningTestNG.testsuite4" name="test3" time="0.010"/>
  <testcase classname="learningTestNG.testsuite4" name="test6" time="0.003"/>
  <testcase classname="learningTestNG.testsuite4" name="test5" time="0.004"/>
  <testcase classname="learningTestNG.testsuite4" name="test4" time="0.005"/>
  <testcase classname="learningTestNG.testsuite4" name="test2" time="0.005"/>
</testsuite> <!-- learningTestNG.testsuite4 -->
