<?xml version="1.0" encoding="UTF-8"?>
<!-- Generated by org.testng.reporters.JUnitReportReporter -->
<testsuite hostname="Desktop" failures="0" tests="1" name="toolsQATestNG.test.AmazoneTest" time="31.693" errors="0" timestamp="14 Feb 2021 23:27:37 GMT" skipped="0">
  <testcase classname="toolsQATestNG.test.AmazoneTest" name="test1" time="31.693"/>
</testsuite> <!-- toolsQATestNG.test.AmazoneTest -->
