<?xml version="1.0" encoding="UTF-8"?>
<!-- Generated by org.testng.reporters.JUnitReportReporter -->
<testsuite hostname="Desktop" failures="0" tests="2" name="learningTestNG.DP" time="0.011" errors="0" timestamp="12 Mar 2021 00:08:38 GMT" skipped="0">
  <testcase classname="learningTestNG.DP" name="myTest" time="0.009"/>
  <testcase classname="learningTestNG.DP" name="myTest" time="0.002"/>
</testsuite> <!-- learningTestNG.DP -->
