<?xml version="1.0" encoding="UTF-8"?>
<!-- Generated by org.testng.reporters.JUnitReportReporter -->
<testsuite hostname="Desktop" failures="0" tests="2" name="learningTestNG.testsuite2" time="0.014" errors="0" timestamp="21 Feb 2021 05:08:26 GMT" skipped="0">
  <testcase classname="learningTestNG.testsuite2" name="test3" time="0.011"/>
  <testcase classname="learningTestNG.testsuite2" name="test1" time="0.003"/>
</testsuite> <!-- learningTestNG.testsuite2 -->
