<?xml version="1.0" encoding="UTF-8"?>
<!-- Generated by org.testng.reporters.JUnitReportReporter -->
<testsuite hostname="DESKTOP-1H8FRIM" failures="0" tests="4" name="learningTestNG.LearningTestNG" time="0.044" errors="0" timestamp="25 Mar 2022 21:02:03 GMT" skipped="0">
  <testcase classname="learningTestNG.LearningTestNG" name="test4" time="0.011"/>
  <testcase classname="learningTestNG.LearningTestNG" name="test6" time="0.015"/>
  <testcase classname="learningTestNG.LearningTestNG" name="test1" time="0.009"/>
  <testcase classname="learningTestNG.LearningTestNG" name="test3" time="0.009"/>
</testsuite> <!-- learningTestNG.LearningTestNG -->
