<?xml version="1.0" encoding="UTF-8"?>
<!-- Generated by org.testng.reporters.JUnitReportReporter -->
<testsuite hostname="Desktop" failures="0" tests="4" name="learningTestNG.LearningTestNG" time="0.075" errors="0" timestamp="12 Mar 2021 22:39:09 GMT" skipped="0">
  <testcase classname="learningTestNG.LearningTestNG" name="test4" time="0.020"/>
  <testcase classname="learningTestNG.LearningTestNG" name="test6" time="0.041"/>
  <testcase classname="learningTestNG.LearningTestNG" name="test1" time="0.007"/>
  <testcase classname="learningTestNG.LearningTestNG" name="test3" time="0.007"/>
</testsuite> <!-- learningTestNG.LearningTestNG -->
