<?xml version="1.0" encoding="UTF-8"?>
<!-- Generated by org.testng.reporters.JUnitReportReporter -->
<testsuite hostname="DESKTOP-1H8FRIM" failures="0" tests="1" name="learningTestNG.web" time="0.002" errors="0" timestamp="25 Mar 2022 21:02:03 GMT" skipped="0">
  <testcase classname="learningTestNG.web" name="clickOnLink" time="0.002"/>
</testsuite> <!-- learningTestNG.web -->
