<?xml version="1.0" encoding="UTF-8"?>
<!-- Generated by org.testng.reporters.JUnitReportReporter -->
<testsuite hostname="Desktop" failures="0" tests="2" name="bdd.BDDReporting" time="0.218" errors="0" timestamp="29 Dec 2020 00:38:07 GMT" skipped="0">
  <testcase classname="bdd.BDDReporting" name="test2" time="0.018"/>
  <testcase classname="bdd.BDDReporting" name="test1" time="0.200"/>
</testsuite> <!-- bdd.BDDReporting -->
