<?xml version="1.0" encoding="UTF-8"?>
<!-- Generated by org.testng.reporters.JUnitReportReporter -->
<testsuite hostname="DESKTOP-PFSHEHE" failures="0" tests="3" name="Practice.ExtentReportVesion4" time="70.978" errors="0" timestamp="24 Aug 2019 04:35:13 GMT" skipped="0">
  <testcase classname="Practice.ExtentReportVesion4" name="noCommerceTitleTest" time="26.909"/>
  <testcase classname="Practice.ExtentReportVesion4" name="noCommerceLogoTest" time="25.841"/>
  <testcase classname="Practice.ExtentReportVesion4" name="noCommerceLoginTest" time="18.228"/>
</testsuite> <!-- Practice.ExtentReportVesion4 -->
