<?xml version="1.0" encoding="UTF-8"?>
<!-- Generated by org.testng.reporters.JUnitReportReporter -->
<testsuite hostname="DESKTOP-PFSHEHE" failures="0" tests="2" name="Practice.WorkingWithFileUpload" time="47.442" errors="0" timestamp="12 Aug 2019 15:09:45 GMT" skipped="0">
  <testcase classname="Practice.WorkingWithFileUpload" name="test1" time="20.114"/>
  <testcase classname="Practice.WorkingWithFileUpload" name="test" time="27.328"/>
</testsuite> <!-- Practice.WorkingWithFileUpload -->
