<?xml version="1.0" encoding="UTF-8"?>
<!-- Generated by org.testng.reporters.JUnitReportReporter -->
<testsuite hostname="DESKTOP-PFSHEHE" failures="0" tests="1" name="Practice.HeadlessBrowser" time="14.519" errors="0" timestamp="09 Aug 2019 17:19:39 GMT" skipped="0">
  <testcase classname="Practice.HeadlessBrowser" name="test" time="14.519"/>
</testsuite> <!-- Practice.HeadlessBrowser -->
