<?xml version="1.0" encoding="UTF-8"?>
<!-- Generated by org.testng.reporters.JUnitReportReporter -->
<testsuite hostname="DESKTOP-PFSHEHE" failures="0" tests="2" name="Practice.PageObjectModel" time="15.098" errors="0" timestamp="06 Aug 2019 00:26:39 GMT" skipped="0">
  <testcase classname="Practice.PageObjectModel" name="TestCookies" time="11.305"/>
  <testcase classname="Practice.PageObjectModel" name="TestFirstAndLastNameFields" time="3.793"/>
</testsuite> <!-- Practice.PageObjectModel -->
