<?xml version="1.0" encoding="UTF-8"?>
<!-- Generated by org.testng.reporters.JUnitReportReporter -->
<testsuite hostname="DESKTOP-PFSHEHE" failures="0" tests="1" name="Practice.WorkingWithExtendtReport" time="10.069" errors="0" timestamp="15 Aug 2019 01:08:18 GMT" skipped="0">
  <testcase classname="Practice.WorkingWithExtendtReport" name="test" time="10.069"/>
</testsuite> <!-- Practice.WorkingWithExtendtReport -->
