<?xml version="1.0" encoding="UTF-8"?>
<!-- Generated by org.testng.reporters.JUnitReportReporter -->
<testsuite hostname="DESKTOP-PFSHEHE" failures="0" tests="6" name="Practice.WorkingWithAction" time="66.012" errors="0" timestamp="08 Aug 2019 02:26:25 GMT" skipped="0">
  <testcase classname="Practice.WorkingWithAction" name="testRightClick" time="16.799"/>
  <testcase classname="Practice.WorkingWithAction" name="testDoubleClick" time="7.453"/>
  <testcase classname="Practice.WorkingWithAction" name="dragDrop" time="9.767"/>
  <testcase classname="Practice.WorkingWithAction" name="dragNDrop" time="10.387"/>
  <testcase classname="Practice.WorkingWithAction" name="mouseHover" time="7.795"/>
  <testcase classname="Practice.WorkingWithAction" name="MouseHoverSlideBar" time="13.811"/>
</testsuite> <!-- Practice.WorkingWithAction -->
