<?xml version="1.0" encoding="UTF-8"?>
<!-- Generated by org.testng.reporters.JUnitReportReporter -->
<testsuite hostname="DESKTOP-PFSHEHE" failures="0" tests="2" name="Practice.WorkingWithToolTips" time="18.104" errors="0" timestamp="09 Aug 2019 00:25:09 GMT" skipped="0">
  <testcase classname="Practice.WorkingWithToolTips" name="tooltips" time="10.163"/>
  <testcase classname="Practice.WorkingWithToolTips" name="toolsTip" time="7.941"/>
</testsuite> <!-- Practice.WorkingWithToolTips -->
