<?xml version="1.0" encoding="UTF-8"?>
<!-- Generated by org.testng.reporters.JUnitReportReporter -->
<testsuite hostname="DESKTOP-PFSHEHE" failures="0" tests="3" name="apiTest.TweetsTest" time="8.700" errors="0" timestamp="05 Sep 2019 07:50:34 GMT" skipped="0">
  <testcase classname="apiTest.TweetsTest" name="userCanDeleteTweet" time="0.573"/>
  <testcase classname="apiTest.TweetsTest" name="test" time="0.527"/>
  <testcase classname="apiTest.TweetsTest" name="testUserCanTweet" time="7.600"/>
</testsuite> <!-- apiTest.TweetsTest -->
