<?xml version="1.0" encoding="UTF-8"?>
<!-- Generated by org.testng.reporters.JUnitReportReporter -->
<testsuite hostname="DESKTOP-PFSHEHE" failures="0" tests="1" name="Practice.WorkingWithExtendtReport" time="13.483" errors="0" timestamp="30 Aug 2019 20:56:30 GMT" skipped="0">
  <testcase classname="Practice.WorkingWithExtendtReport" name="test" time="13.483"/>
</testsuite> <!-- Practice.WorkingWithExtendtReport -->
