<?xml version="1.0" encoding="UTF-8"?>
<!-- Generated by org.testng.reporters.JUnitReportReporter -->
<testsuite hostname="mohammeds-MacBook-Pro.local" failures="0" tests="2" name="Practice.WorkingWithToolTips" time="11.469" errors="0" timestamp="18 Aug 2019 20:08:29 GMT" skipped="0">
  <testcase classname="Practice.WorkingWithToolTips" name="tooltips" time="8.132"/>
  <testcase classname="Practice.WorkingWithToolTips" name="toolsTip" time="3.337"/>
</testsuite> <!-- Practice.WorkingWithToolTips -->
