<?xml version="1.0" encoding="UTF-8"?>
<!-- Generated by org.testng.reporters.JUnitReportReporter -->
<testsuite hostname="DESKTOP-PFSHEHE" failures="0" tests="1" name="Practice.reporting" time="1.648" errors="0" timestamp="24 Aug 2019 00:57:07 GMT" skipped="0">
  <testcase classname="Practice.reporting" name="TestAutomationTest" time="1.648"/>
</testsuite> <!-- Practice.reporting -->
