<?xml version="1.0" encoding="UTF-8"?>
<!-- Generated by org.testng.reporters.JUnitReportReporter -->
<testsuite hostname="DESKTOP-PFSHEHE" failures="0" tests="1" name="Practice.reporting" time="0.870" errors="0" timestamp="22 Aug 2019 17:21:52 GMT" skipped="0">
  <testcase classname="Practice.reporting" name="TestAutomationTest" time="0.870"/>
</testsuite> <!-- Practice.reporting -->
