<?xml version="1.0" encoding="UTF-8"?>
<!-- Generated by org.testng.reporters.JUnitReportReporter -->
<testsuite hostname="Desktop" failures="0" tests="2" name="bdd.BDDReporting" time="0.127" errors="0" timestamp="24 Jan 2021 06:20:53 GMT" skipped="0">
  <testcase classname="bdd.BDDReporting" name="test2" time="0.064"/>
  <testcase classname="bdd.BDDReporting" name="test1" time="0.063"/>
</testsuite> <!-- bdd.BDDReporting -->
