<?xml version="1.0" encoding="UTF-8"?>
<!-- Generated by org.testng.reporters.JUnitReportReporter -->
<testsuite hostname="DESKTOP-PFSHEHE" failures="0" tests="2" name="bdd.BDDReporting" time="0.046" errors="0" timestamp="02 Sep 2019 14:45:04 GMT" skipped="0">
  <testcase classname="bdd.BDDReporting" name="test2" time="0.005"/>
  <testcase classname="bdd.BDDReporting" name="test1" time="0.041"/>
</testsuite> <!-- bdd.BDDReporting -->
