<?xml version="1.0" encoding="UTF-8"?>
<!-- Generated by org.testng.reporters.JUnitReportReporter -->
<testsuite hostname="Desktop" failures="0" tests="2" name="bdd.BDDReporting" time="0.067" errors="0" timestamp="04 Feb 2021 12:07:59 GMT" skipped="0">
  <testcase classname="bdd.BDDReporting" name="test1" time="0.041"/>
  <testcase classname="bdd.BDDReporting" name="test2" time="0.026"/>
</testsuite> <!-- bdd.BDDReporting -->
